<html>
<body>
<pre>
<h1>Vision Build Log</h1>
<h2>Project:</h2>
C:\Users\ubw\Desktop\例程\中断系统\project.uvproj
Project File Date:  04/02/2018

<h2>Output:</h2>
Build target 'Target 1'
compiling main.c...
MAIN.C(39): error C136: 'exter0': 'void' on variable
MAIN.C(39): error C129: missing ';' before '{'
Target not created
Build target 'Target 1'
compiling main.c...
linking...
Program Size: data=10.0 xdata=0 code=115
creating hex file from "project"...
"project" - 0 Error(s), 0 Warning(s).
